2026-04-24 14:50:12,525 - AutoHealingEngine - INFO - Starting Plug & Play Auto-Healing Engine...
2026-04-24 14:50:12,528 - ai.anomaly_detector - INFO - [LEARNING] Loading AI model from models/isolation_forest.pkl
2026-04-24 14:50:12,553 - healing.auto_healer - INFO - [ACTION] Demo Mode active. Cooldown reduced to 30s
2026-04-24 14:50:12,553 - healing.auto_healer - INFO - [ACTION] Resumed escalation state for VMID 101: Level Index 4
2026-04-24 14:50:12,553 - healing.auto_healer - INFO - [MEMORY] Resumed System State: Level Index 4, First Anomaly: 1777006828.0811274
2026-04-24 15:12:38,534 - AutoHealingEngine - INFO - Starting Plug & Play Auto-Healing Engine...
2026-04-24 15:12:38,537 - ai.anomaly_detector - INFO - [LEARNING] Loading AI model from models/isolation_forest.pkl
2026-04-24 15:12:38,562 - healing.auto_healer - INFO - [ACTION] Demo Mode active. Cooldown reduced to 30s
2026-04-24 15:32:17,703 - AutoHealingEngine - INFO - Starting Plug & Play Auto-Healing Engine...
2026-04-24 15:32:17,707 - ai.anomaly_detector - INFO - [LEARNING] Loading AI model from models/isolation_forest.pkl
2026-04-24 15:32:17,732 - healing.auto_healer - INFO - [ACTION] Demo Mode active. Cooldown reduced to 30s
2026-04-28 10:31:42,587 - AutoHealingEngine - INFO - Starting Plug & Play Auto-Healing Engine...
2026-04-28 10:31:42,626 - healing.auto_healer - INFO - [ACTION] Demo Mode active. Cooldown reduced to 30s
2026-04-28 10:49:16,608 - AutoHealingEngine - INFO - Starting Plug & Play Auto-Healing Engine...
2026-04-28 10:49:16,611 - healing.auto_healer - INFO - [ACTION] Demo Mode active. Cooldown reduced to 30s
2026-04-28 10:52:14,528 - AutoHealingEngine - INFO - Starting Plug & Play Auto-Healing Engine...
2026-04-28 10:52:14,531 - healing.auto_healer - INFO - [ACTION] Demo Mode active. Cooldown reduced to 30s
2026-04-28 11:11:52,418 - AutoHealingEngine - INFO - Starting Plug & Play Auto-Healing Engine...
2026-04-28 11:11:52,422 - healing.auto_healer - INFO - [ACTION] Demo Mode active. Cooldown reduced to 30s
2026-04-28 11:23:37,861 - AutoHealingEngine - INFO - Starting Plug & Play Auto-Healing Engine...
2026-04-28 11:23:37,901 - healing.auto_healer - INFO - [ACTION] Demo Mode active. Cooldown reduced to 30s
